Performing C++ SOURCE FILE Test HAVE_FFMPEG_MAX_ANALYZE_DURATION2 failed with the following output:
Change Dir: /mnt/Data/test/pangolin/build/CMakeFiles/CMakeTmp

Run Build Command(s):/usr/bin/make -f Makefile cmTC_5927f/fast && /usr/bin/make  -f CMakeFiles/cmTC_5927f.dir/build.make CMakeFiles/cmTC_5927f.dir/build
make[1]: Entering directory '/mnt/Data/test/pangolin/build/CMakeFiles/CMakeTmp'
Building CXX object CMakeFiles/cmTC_5927f.dir/src.cxx.o
/usr/bin/c++ -DHAVE_FFMPEG_MAX_ANALYZE_DURATION2  -std=c++14 -Wall -Wextra  -fPIC  -o CMakeFiles/cmTC_5927f.dir/src.cxx.o -c /mnt/Data/test/pangolin/build/CMakeFiles/CMakeTmp/src.cxx
/mnt/Data/test/pangolin/build/CMakeFiles/CMakeTmp/src.cxx: In function ‘int main()’:
/mnt/Data/test/pangolin/build/CMakeFiles/CMakeTmp/src.cxx:3:33: error: ‘max_analyze_duration2’ is not a member of ‘AVFormatContext’
         sizeof(AVFormatContext::max_analyze_duration2);
                                 ^~~~~~~~~~~~~~~~~~~~~
CMakeFiles/cmTC_5927f.dir/build.make:77: recipe for target 'CMakeFiles/cmTC_5927f.dir/src.cxx.o' failed
make[1]: *** [CMakeFiles/cmTC_5927f.dir/src.cxx.o] Error 1
make[1]: Leaving directory '/mnt/Data/test/pangolin/build/CMakeFiles/CMakeTmp'
Makefile:127: recipe for target 'cmTC_5927f/fast' failed
make: *** [cmTC_5927f/fast] Error 2


Source file was:
#include "/usr/include/x86_64-linux-gnu/libavformat/avformat.h"
      int main() {
        sizeof(AVFormatContext::max_analyze_duration2);
      }
Performing C SOURCE FILE Test CMAKE_HAVE_LIBC_PTHREAD failed with the following output:
Change Dir: /mnt/Data/test/pangolin/build/CMakeFiles/CMakeTmp

Run Build Command(s):/usr/bin/make -f Makefile cmTC_c7ddf/fast && /usr/bin/make  -f CMakeFiles/cmTC_c7ddf.dir/build.make CMakeFiles/cmTC_c7ddf.dir/build
make[1]: Entering directory '/mnt/Data/test/pangolin/build/CMakeFiles/CMakeTmp'
Building C object CMakeFiles/cmTC_c7ddf.dir/src.c.o
/usr/bin/cc -DCMAKE_HAVE_LIBC_PTHREAD   -o CMakeFiles/cmTC_c7ddf.dir/src.c.o -c /mnt/Data/test/pangolin/build/CMakeFiles/CMakeTmp/src.c
Linking C executable cmTC_c7ddf
/usr/bin/cmake -E cmake_link_script CMakeFiles/cmTC_c7ddf.dir/link.txt --verbose=1
/usr/bin/cc -rdynamic CMakeFiles/cmTC_c7ddf.dir/src.c.o -o cmTC_c7ddf 
CMakeFiles/cmTC_c7ddf.dir/src.c.o: In function `main':
src.c:(.text+0x3e): undefined reference to `pthread_create'
src.c:(.text+0x4a): undefined reference to `pthread_detach'
src.c:(.text+0x56): undefined reference to `pthread_cancel'
src.c:(.text+0x67): undefined reference to `pthread_join'
src.c:(.text+0x7b): undefined reference to `pthread_atfork'
collect2: error: ld returned 1 exit status
CMakeFiles/cmTC_c7ddf.dir/build.make:98: recipe for target 'cmTC_c7ddf' failed
make[1]: *** [cmTC_c7ddf] Error 1
make[1]: Leaving directory '/mnt/Data/test/pangolin/build/CMakeFiles/CMakeTmp'
Makefile:127: recipe for target 'cmTC_c7ddf/fast' failed
make: *** [cmTC_c7ddf/fast] Error 2


Source file was:
#include <pthread.h>

static void* test_func(void* data)
{
  return data;
}

int main(void)
{
  pthread_t thread;
  pthread_create(&thread, NULL, test_func, NULL);
  pthread_detach(thread);
  pthread_cancel(thread);
  pthread_join(thread, NULL);
  pthread_atfork(NULL, NULL, NULL);
  pthread_exit(NULL);

  return 0;
}

Determining if the function pthread_create exists in the pthreads failed with the following output:
Change Dir: /mnt/Data/test/pangolin/build/CMakeFiles/CMakeTmp

Run Build Command(s):/usr/bin/make -f Makefile cmTC_10ace/fast && /usr/bin/make  -f CMakeFiles/cmTC_10ace.dir/build.make CMakeFiles/cmTC_10ace.dir/build
make[1]: Entering directory '/mnt/Data/test/pangolin/build/CMakeFiles/CMakeTmp'
Building C object CMakeFiles/cmTC_10ace.dir/CheckFunctionExists.c.o
/usr/bin/cc   -DCHECK_FUNCTION_EXISTS=pthread_create -o CMakeFiles/cmTC_10ace.dir/CheckFunctionExists.c.o -c /usr/share/cmake-3.22/Modules/CheckFunctionExists.c
Linking C executable cmTC_10ace
/usr/bin/cmake -E cmake_link_script CMakeFiles/cmTC_10ace.dir/link.txt --verbose=1
/usr/bin/cc  -DCHECK_FUNCTION_EXISTS=pthread_create -rdynamic CMakeFiles/cmTC_10ace.dir/CheckFunctionExists.c.o -o cmTC_10ace  -lpthreads 
/usr/bin/ld: cannot find -lpthreads
collect2: error: ld returned 1 exit status
CMakeFiles/cmTC_10ace.dir/build.make:98: recipe for target 'cmTC_10ace' failed
make[1]: *** [cmTC_10ace] Error 1
make[1]: Leaving directory '/mnt/Data/test/pangolin/build/CMakeFiles/CMakeTmp'
Makefile:127: recipe for target 'cmTC_10ace/fast' failed
make: *** [cmTC_10ace/fast] Error 2



